<?xml version="1.0" encoding="UTF-8"?>
<!-- Generated by org.testng.reporters.JUnitXMLReporter -->
<testsuite ignored="0" hostname="BSBLRL-12693" failures="0" tests="1" name="Test" time="0.036" errors="0" timestamp="24 Aug 2022 07:43:13 GMT">
  <testcase classname="com.ebanking.generics.BaseClass" name="@BeforeClass setUP" time="0.0">
    <failure type="org.testng.TestNGException" message="
Parameter &amp;apos;browser&amp;apos; is required by BeforeClass on method setUP but has not been marked @Optional or defined
in C:\Users\chethana\OneDrive\CucumberProjects\Selenium_mini_project_001\testng.xml">
      <![CDATA[org.testng.TestNGException: 
Parameter 'browser' is required by BeforeClass on method setUP but has not been marked @Optional or defined
in C:\Users\chethana\OneDrive\CucumberProjects\Selenium_mini_project_001\testng.xml
... Removed 23 stack frames]]>
    </failure>
  </testcase> <!-- @BeforeClass setUP -->
  <testcase classname="com.ebanking.generics.BaseClass" name="@AfterClass tearDown" time="0.0">
    <skipped/>
  </testcase> <!-- @AfterClass tearDown -->
  <testcase classname="com.ebanking.testcases.logintestcase" name="logintest" time="0.0">
    <skipped/>
  </testcase> <!-- logintest -->
</testsuite> <!-- Test -->
